mode: set
kademlia/internal/address/address.go:14.35,16.17 2 1
kademlia/internal/address/address.go:20.2,21.30 2 1
kademlia/internal/address/address.go:30.2,33.3 1 1
kademlia/internal/address/address.go:16.17,18.3 1 1
kademlia/internal/address/address.go:21.30,23.24 2 1
kademlia/internal/address/address.go:27.3,27.29 1 1
kademlia/internal/address/address.go:23.24,26.4 2 1
kademlia/internal/address/address.go:36.41,38.2 1 1
kademlia/internal/bucket/bucket.go:17.26,21.2 3 1
kademlia/internal/bucket/bucket.go:25.51,27.55 2 1
kademlia/internal/bucket/bucket.go:35.2,35.20 1 1
kademlia/internal/bucket/bucket.go:27.55,30.34 2 1
kademlia/internal/bucket/bucket.go:30.34,32.4 1 1
kademlia/internal/bucket/bucket.go:35.20,36.38 1 1
kademlia/internal/bucket/bucket.go:36.38,38.4 1 1
kademlia/internal/bucket/bucket.go:39.8,41.3 1 1
kademlia/internal/bucket/bucket.go:46.79,49.63 2 1
kademlia/internal/bucket/bucket.go:55.2,55.17 1 1
kademlia/internal/bucket/bucket.go:49.63,53.3 3 1
kademlia/internal/bucket/bucket.go:61.115,64.63 2 1
kademlia/internal/bucket/bucket.go:71.2,71.17 1 1
kademlia/internal/bucket/bucket.go:64.63,66.38 2 1
kademlia/internal/bucket/bucket.go:66.38,69.4 2 1
kademlia/internal/bucket/bucket.go:75.33,77.2 1 1
kademlia/internal/bucket/bucket.go:79.49,81.2 1 1
kademlia/internal/command/commands/getTable/getTable.go:14.60,18.2 3 1
kademlia/internal/command/commands/getTable/getTable.go:20.57,22.2 1 1
kademlia/internal/command/commands/getTable/getTable.go:24.40,26.2 1 1
kademlia/internal/command/commands/add/add.go:19.58,24.2 4 1
kademlia/internal/command/commands/add/add.go:26.54,27.22 1 1
kademlia/internal/command/commands/add/add.go:31.2,33.12 3 1
kademlia/internal/command/commands/add/add.go:27.22,29.3 1 0
kademlia/internal/command/commands/add/add.go:36.35,38.2 1 1
kademlia/internal/command/commands/forget/forget.go:16.62,22.2 4 1
kademlia/internal/command/commands/forget/forget.go:24.58,25.22 1 1
kademlia/internal/command/commands/forget/forget.go:28.2,29.12 2 1
kademlia/internal/command/commands/forget/forget.go:25.22,27.3 1 0
kademlia/internal/command/commands/forget/forget.go:32.41,34.2 1 1
kademlia/internal/datastore/datastore.go:32.22,40.12 2 1
kademlia/internal/datastore/datastore.go:57.2,57.19 1 1
kademlia/internal/datastore/datastore.go:40.12,42.7 2 0
kademlia/internal/datastore/datastore.go:42.7,47.43 3 0
kademlia/internal/datastore/datastore.go:54.4,54.27 1 0
kademlia/internal/datastore/datastore.go:47.43,48.56 1 0
kademlia/internal/datastore/datastore.go:48.56,52.6 3 0
kademlia/internal/datastore/datastore.go:61.111,72.2 10 1
kademlia/internal/datastore/datastore.go:76.74,81.17 4 1
kademlia/internal/datastore/datastore.go:87.2,87.11 1 1
kademlia/internal/datastore/datastore.go:81.17,86.3 3 1
kademlia/internal/datastore/datastore.go:92.69,97.17 4 1
kademlia/internal/datastore/datastore.go:102.2,102.11 1 1
kademlia/internal/datastore/datastore.go:97.17,101.3 3 1
kademlia/internal/datastore/datastore.go:106.73,112.17 4 1
kademlia/internal/datastore/datastore.go:117.2,117.11 1 1
kademlia/internal/datastore/datastore.go:112.17,116.3 3 1
kademlia/internal/datastore/datastore.go:120.73,125.17 4 1
kademlia/internal/datastore/datastore.go:128.2,128.13 1 1
kademlia/internal/datastore/datastore.go:125.17,127.3 1 1
kademlia/internal/datastore/datastore.go:131.86,136.17 4 1
kademlia/internal/datastore/datastore.go:140.2,140.11 1 1
kademlia/internal/datastore/datastore.go:136.17,139.3 2 1
kademlia/internal/kademliaid/kademliaid.go:17.45,20.2 2 1
kademlia/internal/kademliaid/kademliaid.go:24.40,27.32 3 1
kademlia/internal/kademliaid/kademliaid.go:30.2,30.23 1 1
kademlia/internal/kademliaid/kademliaid.go:27.32,29.3 1 1
kademlia/internal/kademliaid/kademliaid.go:34.69,35.32 1 1
kademlia/internal/kademliaid/kademliaid.go:40.2,40.14 1 1
kademlia/internal/kademliaid/kademliaid.go:35.32,36.42 1 1
kademlia/internal/kademliaid/kademliaid.go:36.42,38.4 1 1
kademlia/internal/kademliaid/kademliaid.go:44.71,45.32 1 1
kademlia/internal/kademliaid/kademliaid.go:50.2,50.13 1 1
kademlia/internal/kademliaid/kademliaid.go:45.32,46.42 1 1
kademlia/internal/kademliaid/kademliaid.go:46.42,48.4 1 1
kademlia/internal/kademliaid/kademliaid.go:55.75,57.32 2 1
kademlia/internal/kademliaid/kademliaid.go:60.2,60.16 1 1
kademlia/internal/kademliaid/kademliaid.go:57.32,59.3 1 1
kademlia/internal/kademliaid/kademliaid.go:64.47,66.2 1 1
kademlia/internal/kademliaid/kademliaid.go:68.39,73.2 4 1
kademlia/internal/contact/contact.go:20.78,22.2 1 1
kademlia/internal/contact/contact.go:26.69,28.2 1 1
kademlia/internal/contact/contact.go:31.58,33.2 1 1
kademlia/internal/contact/contact.go:36.41,38.2 1 1
kademlia/internal/contact/contact.go:40.44,42.2 1 1
kademlia/internal/contact/contact.go:44.62,46.2 1 1
kademlia/internal/contact/contact.go:48.51,50.35 2 1
kademlia/internal/contact/contact.go:57.2,57.10 1 1
kademlia/internal/contact/contact.go:50.35,51.27 1 1
kademlia/internal/contact/contact.go:51.27,53.4 1 1
kademlia/internal/contact/contact.go:53.9,55.4 1 1
kademlia/internal/contact/contact.go:60.47,62.42 2 1
kademlia/internal/contact/contact.go:65.2,66.74 2 1
kademlia/internal/contact/contact.go:62.42,64.3 1 1
kademlia/internal/contact/contact.go:76.65,78.2 1 1
kademlia/internal/contact/contact.go:81.71,83.2 1 1
kademlia/internal/contact/contact.go:86.45,88.2 1 1
kademlia/internal/contact/contact.go:91.48,93.2 1 1
kademlia/internal/contact/contact.go:97.53,99.2 1 1
kademlia/internal/contact/contact.go:103.58,105.2 1 1
kademlia/internal/network/network.go:19.132,24.16 4 1
kademlia/internal/network/network.go:27.2,29.12 2 1
kademlia/internal/network/network.go:24.16,26.3 1 1
kademlia/internal/network/network.go:33.105,37.16 3 1
kademlia/internal/network/network.go:40.2,42.12 2 1
kademlia/internal/network/network.go:37.16,39.3 1 1
kademlia/internal/network/network.go:45.68,47.16 2 1
kademlia/internal/network/network.go:50.2,52.12 2 1
kademlia/internal/network/network.go:47.16,49.3 1 1
kademlia/internal/network/network.go:57.163,62.16 3 1
kademlia/internal/network/network.go:65.2,67.12 2 1
kademlia/internal/network/network.go:62.16,64.3 1 1
kademlia/internal/network/network.go:70.65,73.16 2 1
kademlia/internal/network/network.go:76.2,78.12 2 1
kademlia/internal/network/network.go:73.16,75.3 1 1
kademlia/internal/network/network.go:81.160,85.16 3 1
kademlia/internal/network/network.go:88.2,90.12 2 1
kademlia/internal/network/network.go:85.16,87.3 1 1
kademlia/internal/network/network.go:93.119,97.16 3 1
kademlia/internal/network/network.go:100.2,102.12 2 1
kademlia/internal/network/network.go:97.16,99.3 1 1
kademlia/internal/network/network.go:105.64,108.16 2 1
kademlia/internal/network/network.go:112.2,114.12 2 1
kademlia/internal/network/network.go:108.16,111.3 2 1
kademlia/cmd/kademlia/kademlia.go:20.25,22.16 2 1
kademlia/cmd/kademlia/kademlia.go:25.2,29.21 3 1
kademlia/cmd/kademlia/kademlia.go:22.16,24.3 1 0
kademlia/cmd/kademlia/kademlia.go:32.37,36.16 4 1
kademlia/cmd/kademlia/kademlia.go:39.2,39.12 1 1
kademlia/cmd/kademlia/kademlia.go:36.16,38.3 1 1
kademlia/cmd/kademlia/kademlia.go:42.13,44.45 2 0
kademlia/cmd/kademlia/kademlia.go:50.2,51.16 2 0
kademlia/cmd/kademlia/kademlia.go:55.2,57.16 3 0
kademlia/cmd/kademlia/kademlia.go:60.2,68.42 9 0
kademlia/cmd/kademlia/kademlia.go:44.45,46.3 1 0
kademlia/cmd/kademlia/kademlia.go:46.8,48.3 1 0
kademlia/cmd/kademlia/kademlia.go:51.16,53.3 1 0
kademlia/cmd/kademlia/kademlia.go:57.16,59.3 1 0
kademlia/internal/network/sender/sender.go:13.29,17.16 4 1
kademlia/internal/network/sender/sender.go:21.2,21.45 1 1
kademlia/internal/network/sender/sender.go:17.16,20.3 1 0
kademlia/internal/network/sender/sender.go:25.69,27.16 2 1
kademlia/internal/network/sender/sender.go:30.2,31.12 2 1
kademlia/internal/network/sender/sender.go:27.16,29.3 1 0
kademlia/internal/command/commands/getid/getid.go:13.57,16.2 2 1
kademlia/internal/command/commands/getid/getid.go:18.54,20.2 1 1
kademlia/internal/command/commands/getid/getid.go:22.37,24.2 1 1
kademlia/internal/command/listener/listener.go:17.40,19.52 2 0
kademlia/internal/command/listener/listener.go:19.52,21.3 1 0
kademlia/internal/command/listener/listener.go:21.8,23.3 1 0
kademlia/internal/command/listener/listener.go:26.43,29.16 3 0
kademlia/internal/command/listener/listener.go:33.2,40.20 5 0
kademlia/internal/command/listener/listener.go:57.2,57.11 1 0
kademlia/internal/command/listener/listener.go:29.16,31.3 1 0
kademlia/internal/command/listener/listener.go:40.20,44.17 2 0
kademlia/internal/command/listener/listener.go:44.17,46.18 2 0
kademlia/internal/command/listener/listener.go:46.18,48.5 1 0
kademlia/internal/command/listener/listener.go:49.9,51.18 2 0
kademlia/internal/command/listener/listener.go:51.18,53.5 1 0
kademlia/internal/command/listener/listener.go:60.30,66.16 4 0
kademlia/internal/command/listener/listener.go:69.2,72.6 3 0
kademlia/internal/command/listener/listener.go:66.16,68.3 1 0
kademlia/internal/command/listener/listener.go:72.6,74.17 2 0
kademlia/internal/command/listener/listener.go:74.17,77.4 2 0
kademlia/internal/command/listener/listener.go:77.9,79.4 1 0
kademlia/internal/command/listener/listener.go:84.38,86.2 0 0
kademlia/internal/command/commands/ping/ping.go:15.56,22.2 4 1
kademlia/internal/command/commands/ping/ping.go:24.53,25.22 1 1
kademlia/internal/command/commands/ping/ping.go:28.2,29.12 2 1
kademlia/internal/command/commands/ping/ping.go:25.22,27.3 1 1
kademlia/internal/command/commands/ping/ping.go:32.36,34.2 1 1
kademlia/internal/command/commands/put/put.go:18.58,27.41 5 1
kademlia/internal/command/commands/put/put.go:31.2,31.26 1 1
kademlia/internal/command/commands/put/put.go:27.41,29.3 1 1
kademlia/internal/command/commands/put/put.go:34.54,35.22 1 1
kademlia/internal/command/commands/put/put.go:38.2,39.12 2 1
kademlia/internal/command/commands/put/put.go:35.22,37.3 1 1
kademlia/internal/command/commands/put/put.go:42.37,44.2 1 1
kademlia/internal/network/listener/listener.go:20.76,24.16 4 0
kademlia/internal/network/listener/listener.go:27.2,29.33 2 0
kademlia/internal/network/listener/listener.go:24.16,26.3 1 0
kademlia/internal/network/listener/listener.go:31.82,32.6 1 0
kademlia/internal/network/listener/listener.go:32.6,37.17 3 0
kademlia/internal/network/listener/listener.go:42.3,42.13 1 0
kademlia/internal/network/listener/listener.go:37.17,40.4 2 0
kademlia/internal/network/listener/listener.go:42.13,46.18 4 0
kademlia/internal/network/listener/listener.go:46.18,51.19 4 0
kademlia/internal/network/listener/listener.go:55.5,56.53 2 0
kademlia/internal/network/listener/listener.go:64.5,64.116 1 0
kademlia/internal/network/listener/listener.go:51.19,53.6 1 0
kademlia/internal/network/listener/listener.go:56.53,58.6 1 0
kademlia/internal/network/listener/listener.go:58.11,62.6 1 0
kademlia/internal/network/listener/listener.go:65.10,67.5 1 0
kademlia/internal/command/parser/parser.go:30.33,36.31 3 1
kademlia/internal/command/parser/parser.go:69.2,70.16 2 1
kademlia/internal/command/parser/parser.go:76.2,76.16 1 1
kademlia/internal/command/parser/parser.go:37.14,38.27 1 1
kademlia/internal/command/parser/parser.go:40.13,41.25 1 1
kademlia/internal/command/parser/parser.go:43.13,44.25 1 1
kademlia/internal/command/parser/parser.go:46.13,47.25 1 1
kademlia/internal/command/parser/parser.go:49.18,50.35 1 1
kademlia/internal/command/parser/parser.go:52.15,53.29 1 1
kademlia/internal/command/parser/parser.go:55.14,56.27 1 1
kademlia/internal/command/parser/parser.go:58.16,59.31 1 1
kademlia/internal/command/parser/parser.go:64.10,66.13 2 1
kademlia/internal/command/parser/parser.go:70.16,74.3 3 1
kademlia/internal/command/commands/join/join.go:16.57,24.2 6 1
kademlia/internal/command/commands/join/join.go:26.53,29.2 2 1
kademlia/internal/command/commands/join/join.go:31.36,33.2 1 1
kademlia/internal/node/node.go:34.50,39.16 4 1
kademlia/internal/node/node.go:43.2,50.3 1 1
kademlia/internal/node/node.go:39.16,41.3 1 0
kademlia/internal/node/node.go:54.69,58.21 3 1
kademlia/internal/node/node.go:58.21,61.13 3 1
kademlia/internal/node/node.go:61.13,62.8 1 0
kademlia/internal/node/node.go:62.8,65.38 2 0
kademlia/internal/node/node.go:70.5,72.41 2 0
kademlia/internal/node/node.go:65.38,67.11 2 0
kademlia/internal/node/node.go:72.41,75.6 2 0
kademlia/internal/node/node.go:85.121,88.2 2 1
kademlia/internal/node/node.go:90.75,92.2 1 1
kademlia/internal/node/node.go:95.81,98.6 2 1
kademlia/internal/node/node.go:114.2,118.37 4 1
kademlia/internal/node/node.go:98.6,102.18 3 1
kademlia/internal/node/node.go:107.3,107.45 1 1
kademlia/internal/node/node.go:102.18,104.9 2 0
kademlia/internal/node/node.go:107.45,110.9 3 1
kademlia/internal/node/node.go:122.58,125.16 2 1
kademlia/internal/node/node.go:130.2,132.6 2 1
kademlia/internal/node/node.go:125.16,128.3 2 1
kademlia/internal/node/node.go:132.6,136.18 3 1
kademlia/internal/node/node.go:141.3,141.45 1 1
kademlia/internal/node/node.go:136.18,138.9 2 0
kademlia/internal/node/node.go:141.45,144.9 3 1
kademlia/internal/node/node.go:152.92,155.60 2 1
kademlia/internal/node/node.go:166.2,166.18 1 1
kademlia/internal/node/node.go:155.60,157.35 1 1
kademlia/internal/node/node.go:157.35,163.4 5 1
kademlia/internal/rpc/rpc.go:22.88,24.2 1 1
kademlia/internal/rpc/rpc.go:30.124,37.2 1 1
kademlia/internal/rpc/rpc.go:40.68,42.2 1 1
kademlia/internal/rpc/rpc.go:44.36,46.2 1 1
kademlia/internal/rpc/rpc.go:48.41,50.22 2 1
kademlia/internal/rpc/rpc.go:50.22,52.3 1 1
kademlia/internal/rpc/rpc.go:52.8,56.3 3 1
kademlia/internal/routingtable/routingtable.go:20.56,22.45 2 1
kademlia/internal/routingtable/routingtable.go:25.2,26.21 2 1
kademlia/internal/routingtable/routingtable.go:22.45,24.3 1 1
kademlia/internal/routingtable/routingtable.go:30.60,32.2 1 1
kademlia/internal/routingtable/routingtable.go:35.71,36.51 1 1
kademlia/internal/routingtable/routingtable.go:36.51,40.3 3 1
kademlia/internal/routingtable/routingtable.go:40.8,42.3 1 1
kademlia/internal/routingtable/routingtable.go:46.151,51.24 4 1
kademlia/internal/routingtable/routingtable.go:59.2,59.109 1 1
kademlia/internal/routingtable/routingtable.go:82.2,84.30 2 1
kademlia/internal/routingtable/routingtable.go:88.2,88.38 1 1
kademlia/internal/routingtable/routingtable.go:51.24,55.3 1 1
kademlia/internal/routingtable/routingtable.go:55.8,57.3 1 1
kademlia/internal/routingtable/routingtable.go:59.109,60.25 1 1
kademlia/internal/routingtable/routingtable.go:70.3,70.44 1 1
kademlia/internal/routingtable/routingtable.go:60.25,62.26 2 1
kademlia/internal/routingtable/routingtable.go:62.26,66.5 1 1
kademlia/internal/routingtable/routingtable.go:66.10,68.5 1 1
kademlia/internal/routingtable/routingtable.go:70.44,72.26 2 1
kademlia/internal/routingtable/routingtable.go:72.26,76.5 1 1
kademlia/internal/routingtable/routingtable.go:76.10,78.5 1 1
kademlia/internal/routingtable/routingtable.go:84.30,86.3 1 1
kademlia/internal/routingtable/routingtable.go:91.56,92.25 1 1
kademlia/internal/routingtable/routingtable.go:95.2,97.46 3 1
kademlia/internal/routingtable/routingtable.go:112.2,113.10 2 1
kademlia/internal/routingtable/routingtable.go:92.25,94.3 1 1
kademlia/internal/routingtable/routingtable.go:97.46,98.40 1 1
kademlia/internal/routingtable/routingtable.go:98.40,106.31 5 1
kademlia/internal/routingtable/routingtable.go:106.31,108.5 1 1
kademlia/internal/routingtable/routingtable.go:117.81,119.43 2 1
kademlia/internal/routingtable/routingtable.go:127.2,127.34 1 1
kademlia/internal/routingtable/routingtable.go:119.43,120.26 1 1
kademlia/internal/routingtable/routingtable.go:120.26,121.42 1 1
kademlia/internal/routingtable/routingtable.go:121.42,123.5 1 1
kademlia/internal/routingtable/routingtable.go:130.71,132.2 1 1
kademlia/internal/network/restAPI/restAPI.go:20.72,25.23 3 1
kademlia/internal/network/restAPI/restAPI.go:31.2,33.16 3 1
kademlia/internal/network/restAPI/restAPI.go:36.2,36.24 1 1
kademlia/internal/network/restAPI/restAPI.go:25.23,29.3 3 1
kademlia/internal/network/restAPI/restAPI.go:33.16,35.3 1 0
kademlia/internal/network/restAPI/restAPI.go:40.73,43.16 3 0
kademlia/internal/network/restAPI/restAPI.go:48.2,50.16 3 0
kademlia/internal/network/restAPI/restAPI.go:56.2,61.24 5 0
kademlia/internal/network/restAPI/restAPI.go:43.16,46.3 2 0
kademlia/internal/network/restAPI/restAPI.go:50.16,54.3 3 0
kademlia/internal/network/restAPI/restAPI.go:64.36,72.2 5 0
kademlia/internal/rpc/commands/findnodeRPC/findnodeRPC.go:20.81,22.2 1 1
kademlia/internal/rpc/commands/findnodeRPC/findnodeRPC.go:25.55,33.2 4 1
kademlia/internal/rpc/commands/findnodeRPC/findnodeRPC.go:35.62,36.24 1 1
kademlia/internal/rpc/commands/findnodeRPC/findnodeRPC.go:39.2,40.12 2 1
kademlia/internal/rpc/commands/findnodeRPC/findnodeRPC.go:36.24,38.3 1 1
kademlia/internal/rpc/commands/findvalueRPC/findvalueRPC.go:20.79,22.2 1 1
kademlia/internal/rpc/commands/findvalueRPC/findvalueRPC.go:24.52,29.57 3 1
kademlia/internal/rpc/commands/findvalueRPC/findvalueRPC.go:29.57,39.3 7 0
kademlia/internal/rpc/commands/findvalueRPC/findvalueRPC.go:39.8,44.3 4 1
kademlia/internal/rpc/commands/findvalueRPC/findvalueRPC.go:47.65,48.26 1 1
kademlia/internal/rpc/commands/findvalueRPC/findvalueRPC.go:52.2,53.12 2 1
kademlia/internal/rpc/commands/findvalueRPC/findvalueRPC.go:48.26,50.3 1 1
kademlia/internal/rpc/commands/findnoderesponse/findnodeRPCresponse.go:21.58,23.2 1 1
kademlia/internal/rpc/commands/findnoderesponse/findnodeRPCresponse.go:26.56,30.16 3 1
kademlia/internal/rpc/commands/findnoderesponse/findnodeRPCresponse.go:36.2,44.38 6 1
kademlia/internal/rpc/commands/findnoderesponse/findnodeRPCresponse.go:48.2,48.99 1 1
kademlia/internal/rpc/commands/findnoderesponse/findnodeRPCresponse.go:30.16,33.3 2 1
kademlia/internal/rpc/commands/findnoderesponse/findnodeRPCresponse.go:44.38,46.3 1 0
kademlia/internal/rpc/commands/findnoderesponse/findnodeRPCresponse.go:52.69,53.24 1 1
kademlia/internal/rpc/commands/findnoderesponse/findnodeRPCresponse.go:56.2,58.12 3 1
kademlia/internal/rpc/commands/findnoderesponse/findnodeRPCresponse.go:53.24,55.3 1 1
kademlia/internal/rpc/commands/findnoderesponse/findnodeRPCresponse.go:61.91,63.52 2 1
kademlia/internal/rpc/commands/findnoderesponse/findnodeRPCresponse.go:72.2,72.17 1 1
kademlia/internal/rpc/commands/findnoderesponse/findnodeRPCresponse.go:63.52,64.21 1 1
kademlia/internal/rpc/commands/findnoderesponse/findnodeRPCresponse.go:64.21,66.18 2 1
kademlia/internal/rpc/commands/findnoderesponse/findnodeRPCresponse.go:66.18,69.5 2 0
kademlia/internal/rpc/commands/ping/ping.go:18.110,20.2 1 1
kademlia/internal/rpc/commands/ping/ping.go:22.43,27.2 2 1
kademlia/internal/rpc/commands/ping/ping.go:29.56,32.2 1 1
kademlia/internal/rpc/commands/findvalueresponse/findvalueRPCresponse.go:23.88,25.2 1 1
kademlia/internal/rpc/commands/findvalueresponse/findvalueRPCresponse.go:27.53,33.16 4 1
kademlia/internal/rpc/commands/findvalueresponse/findvalueRPCresponse.go:37.2,37.26 1 1
kademlia/internal/rpc/commands/findvalueresponse/findvalueRPCresponse.go:33.16,35.3 1 1
kademlia/internal/rpc/commands/findvalueresponse/findvalueRPCresponse.go:37.26,41.3 2 0
kademlia/internal/rpc/commands/findvalueresponse/findvalueRPCresponse.go:41.8,43.39 2 1
kademlia/internal/rpc/commands/findvalueresponse/findvalueRPCresponse.go:47.3,51.21 4 1
kademlia/internal/rpc/commands/findvalueresponse/findvalueRPCresponse.go:43.39,45.4 1 0
kademlia/internal/rpc/commands/findvalueresponse/findvalueRPCresponse.go:55.70,56.24 1 1
kademlia/internal/rpc/commands/findvalueresponse/findvalueRPCresponse.go:59.2,60.12 2 1
kademlia/internal/rpc/commands/findvalueresponse/findvalueRPCresponse.go:56.24,58.3 1 1
kademlia/internal/rpc/commands/findvalueresponse/findvalueRPCresponse.go:63.91,65.52 2 1
kademlia/internal/rpc/commands/findvalueresponse/findvalueRPCresponse.go:74.2,74.17 1 1
kademlia/internal/rpc/commands/findvalueresponse/findvalueRPCresponse.go:65.52,66.21 1 1
kademlia/internal/rpc/commands/findvalueresponse/findvalueRPCresponse.go:66.21,68.18 2 1
kademlia/internal/rpc/commands/findvalueresponse/findvalueRPCresponse.go:68.18,71.5 2 0
kademlia/internal/rpc/commands/pong/pong.go:17.110,19.2 1 1
kademlia/internal/rpc/commands/pong/pong.go:21.43,24.2 1 1
kademlia/internal/rpc/commands/pong/pong.go:26.56,29.2 1 1
kademlia/internal/rpc/commands/refresh/refresh.go:16.24,18.2 1 1
kademlia/internal/rpc/commands/refresh/refresh.go:20.50,25.56 3 1
kademlia/internal/rpc/commands/refresh/refresh.go:25.56,27.3 1 0
kademlia/internal/rpc/commands/refresh/refresh.go:27.8,29.3 1 1
kademlia/internal/rpc/commands/refresh/refresh.go:32.63,33.26 1 1
kademlia/internal/rpc/commands/refresh/refresh.go:37.2,38.12 2 1
kademlia/internal/rpc/commands/refresh/refresh.go:33.26,35.3 1 1
kademlia/internal/rpc/commands/store/store.go:16.46,19.2 2 1
kademlia/internal/rpc/commands/store/store.go:21.59,22.24 1 1
kademlia/internal/rpc/commands/store/store.go:25.2,26.12 2 1
kademlia/internal/rpc/commands/store/store.go:22.24,24.3 1 1
kademlia/internal/rpc/rpcparser/rpcparser.go:29.77,31.22 2 1
kademlia/internal/rpc/rpcparser/rpcparser.go:35.2,38.45 4 1
kademlia/internal/rpc/rpcparser/rpcparser.go:75.2,75.17 1 1
kademlia/internal/rpc/rpcparser/rpcparser.go:31.22,33.3 1 1
kademlia/internal/rpc/rpcparser/rpcparser.go:39.14,41.61 2 1
kademlia/internal/rpc/rpcparser/rpcparser.go:43.14,45.61 2 1
kademlia/internal/rpc/rpcparser/rpcparser.go:47.15,49.25 2 1
kademlia/internal/rpc/rpcparser/rpcparser.go:51.19,53.46 2 1
kademlia/internal/rpc/rpcparser/rpcparser.go:55.24,57.40 2 1
kademlia/internal/rpc/rpcparser/rpcparser.go:59.20,61.47 2 1
kademlia/internal/rpc/rpcparser/rpcparser.go:63.25,65.51 2 1
kademlia/internal/rpc/rpcparser/rpcparser.go:67.17,69.22 2 1
kademlia/internal/rpc/rpcparser/rpcparser.go:71.10,73.12 2 1
kademlia/internal/rpc/rpcqueue/rpcqueue.go:18.21,26.2 2 1
kademlia/internal/rpc/rpcqueue/rpcqueue.go:29.78,35.2 4 1
kademlia/internal/rpc/rpcqueue/rpcqueue.go:38.56,40.18 2 1
kademlia/internal/rpc/rpcqueue/rpcqueue.go:40.18,43.3 2 1
kademlia/internal/rpc/rpcqueue/rpcqueue.go:43.8,47.3 3 1
kademlia/internal/rpc/rpcqueue/rpcqueue.go:51.52,52.6 1 1
kademlia/internal/rpc/rpcqueue/rpcqueue.go:52.6,57.23 3 1
kademlia/internal/rpc/rpcqueue/rpcqueue.go:57.23,68.4 5 1
kademlia/internal/rpc/rpcqueue/rpcqueue.go:68.9,73.9 4 1
kademlia/internal/shortlist/shortlist.go:28.77,31.2 2 1
kademlia/internal/shortlist/shortlist.go:34.39,37.2 1 1
kademlia/internal/shortlist/shortlist.go:40.59,42.2 1 1
kademlia/internal/shortlist/shortlist.go:44.37,46.2 1 1
kademlia/internal/shortlist/shortlist.go:48.42,49.26 1 1
kademlia/internal/shortlist/shortlist.go:52.2,52.26 1 1
kademlia/internal/shortlist/shortlist.go:55.2,55.59 1 1
kademlia/internal/shortlist/shortlist.go:49.26,51.3 1 1
kademlia/internal/shortlist/shortlist.go:52.26,54.3 1 1
kademlia/internal/shortlist/shortlist.go:58.39,60.42 2 1
kademlia/internal/shortlist/shortlist.go:65.2,65.15 1 1
kademlia/internal/shortlist/shortlist.go:60.42,61.19 1 1
kademlia/internal/shortlist/shortlist.go:61.19,63.4 1 1
kademlia/internal/shortlist/shortlist.go:68.91,72.37 4 1
kademlia/internal/shortlist/shortlist.go:75.2,75.18 1 1
kademlia/internal/shortlist/shortlist.go:72.37,74.3 1 1
kademlia/internal/shortlist/shortlist.go:78.54,80.35 2 1
kademlia/internal/shortlist/shortlist.go:85.2,85.17 1 1
kademlia/internal/shortlist/shortlist.go:80.35,81.19 1 1
kademlia/internal/shortlist/shortlist.go:81.19,83.4 1 1
kademlia/internal/shortlist/shortlist.go:88.46,89.35 1 1
kademlia/internal/shortlist/shortlist.go:97.2,99.19 2 1
kademlia/internal/shortlist/shortlist.go:112.2,113.37 2 1
kademlia/internal/shortlist/shortlist.go:89.35,90.19 1 1
kademlia/internal/shortlist/shortlist.go:90.19,91.37 1 1
kademlia/internal/shortlist/shortlist.go:91.37,93.5 1 1
kademlia/internal/shortlist/shortlist.go:99.19,100.39 1 0
kademlia/internal/shortlist/shortlist.go:100.39,102.4 1 0
kademlia/internal/shortlist/shortlist.go:103.8,104.40 1 1
kademlia/internal/shortlist/shortlist.go:104.40,105.28 1 1
kademlia/internal/shortlist/shortlist.go:105.28,107.10 2 1
kademlia/internal/command/commands/get/get.go:18.58,22.17 3 1
kademlia/internal/command/commands/get/get.go:50.2,50.17 1 1
kademlia/internal/command/commands/get/get.go:70.2,70.19 1 0
kademlia/internal/command/commands/get/get.go:22.17,24.3 1 0
kademlia/internal/command/commands/get/get.go:24.8,29.38 4 1
kademlia/internal/command/commands/get/get.go:41.3,47.47 5 1
kademlia/internal/command/commands/get/get.go:29.38,31.49 2 1
kademlia/internal/command/commands/get/get.go:31.49,32.10 1 1
kademlia/internal/command/commands/get/get.go:50.17,54.38 3 1
kademlia/internal/command/commands/get/get.go:61.3,63.18 2 1
kademlia/internal/command/commands/get/get.go:54.38,56.49 2 1
kademlia/internal/command/commands/get/get.go:56.49,57.10 1 1
kademlia/internal/command/commands/get/get.go:63.18,65.4 1 0
kademlia/internal/command/commands/get/get.go:65.9,67.4 1 1
kademlia/internal/command/commands/get/get.go:73.54,74.22 1 1
kademlia/internal/command/commands/get/get.go:77.2,78.12 2 1
kademlia/internal/command/commands/get/get.go:74.22,76.3 1 0
kademlia/internal/command/commands/get/get.go:81.37,83.2 1 1
