mode: set
kademlia/internal/address/address.go:14.35,16.17 2 1
kademlia/internal/address/address.go:20.2,21.30 2 1
kademlia/internal/address/address.go:30.2,33.3 1 1
kademlia/internal/address/address.go:16.17,18.3 1 1
kademlia/internal/address/address.go:21.30,23.24 2 0
kademlia/internal/address/address.go:27.3,27.29 1 0
kademlia/internal/address/address.go:23.24,26.4 2 0
kademlia/internal/address/address.go:36.41,38.2 1 1
kademlia/internal/bucket/bucket.go:18.26,22.2 3 1
kademlia/internal/bucket/bucket.go:26.51,28.55 2 1
kademlia/internal/bucket/bucket.go:36.2,36.20 1 1
kademlia/internal/bucket/bucket.go:28.55,31.34 2 0
kademlia/internal/bucket/bucket.go:31.34,33.4 1 0
kademlia/internal/bucket/bucket.go:36.20,37.37 1 1
kademlia/internal/bucket/bucket.go:37.37,39.4 1 1
kademlia/internal/bucket/bucket.go:40.8,42.3 1 0
kademlia/internal/bucket/bucket.go:47.79,50.63 2 1
kademlia/internal/bucket/bucket.go:56.2,56.17 1 1
kademlia/internal/bucket/bucket.go:50.63,54.3 3 1
kademlia/internal/bucket/bucket.go:62.115,65.63 2 1
kademlia/internal/bucket/bucket.go:72.2,72.17 1 1
kademlia/internal/bucket/bucket.go:65.63,67.38 2 1
kademlia/internal/bucket/bucket.go:67.38,70.4 2 0
kademlia/internal/bucket/bucket.go:76.33,78.2 1 1
kademlia/internal/command/commands/ping/ping.go:15.56,22.2 4 1
kademlia/internal/command/commands/ping/ping.go:24.53,25.22 1 1
kademlia/internal/command/commands/ping/ping.go:28.2,29.12 2 1
kademlia/internal/command/commands/ping/ping.go:25.22,27.3 1 1
kademlia/internal/command/commands/ping/ping.go:32.36,34.2 1 1
kademlia/internal/rpc/rpc.go:22.88,24.2 1 1
kademlia/internal/rpc/rpc.go:30.124,37.2 1 1
kademlia/internal/rpc/rpc.go:40.68,42.2 1 1
kademlia/internal/rpc/rpc.go:44.36,46.2 1 1
kademlia/internal/rpc/rpc.go:48.41,50.22 2 1
kademlia/internal/rpc/rpc.go:50.22,52.3 1 1
kademlia/internal/rpc/rpc.go:52.8,56.3 3 1
kademlia/internal/datastore/datastore.go:31.22,39.12 2 1
kademlia/internal/datastore/datastore.go:56.2,56.19 1 1
kademlia/internal/datastore/datastore.go:39.12,41.7 2 1
kademlia/internal/datastore/datastore.go:41.7,46.43 3 1
kademlia/internal/datastore/datastore.go:53.4,53.27 1 0
kademlia/internal/datastore/datastore.go:46.43,47.56 1 0
kademlia/internal/datastore/datastore.go:47.56,51.6 3 0
kademlia/internal/datastore/datastore.go:60.111,71.2 10 1
kademlia/internal/datastore/datastore.go:75.74,80.17 4 1
kademlia/internal/datastore/datastore.go:86.2,86.11 1 1
kademlia/internal/datastore/datastore.go:80.17,85.3 3 1
kademlia/internal/datastore/datastore.go:91.69,96.17 4 1
kademlia/internal/datastore/datastore.go:101.2,101.11 1 1
kademlia/internal/datastore/datastore.go:96.17,100.3 3 1
kademlia/internal/datastore/datastore.go:105.73,111.17 4 1
kademlia/internal/datastore/datastore.go:116.2,116.11 1 1
kademlia/internal/datastore/datastore.go:111.17,115.3 3 1
kademlia/internal/datastore/datastore.go:119.73,124.17 4 1
kademlia/internal/datastore/datastore.go:127.2,127.13 1 1
kademlia/internal/datastore/datastore.go:124.17,126.3 1 1
kademlia/internal/datastore/datastore.go:130.86,135.17 4 1
kademlia/internal/datastore/datastore.go:139.2,139.11 1 1
kademlia/internal/datastore/datastore.go:135.17,138.3 2 1
kademlia/internal/command/parser/parser.go:31.33,37.31 3 1
kademlia/internal/command/parser/parser.go:73.2,74.16 2 1
kademlia/internal/command/parser/parser.go:80.2,80.16 1 1
kademlia/internal/command/parser/parser.go:38.14,39.27 1 1
kademlia/internal/command/parser/parser.go:41.13,42.25 1 1
kademlia/internal/command/parser/parser.go:44.13,45.25 1 1
kademlia/internal/command/parser/parser.go:47.13,48.25 1 1
kademlia/internal/command/parser/parser.go:50.18,51.35 1 1
kademlia/internal/command/parser/parser.go:53.18,54.35 1 1
kademlia/internal/command/parser/parser.go:56.15,57.29 1 1
kademlia/internal/command/parser/parser.go:59.14,60.27 1 1
kademlia/internal/command/parser/parser.go:62.16,63.31 1 1
kademlia/internal/command/parser/parser.go:68.10,70.13 2 1
kademlia/internal/command/parser/parser.go:74.16,78.3 3 1
kademlia/internal/command/commands/put/put.go:18.58,27.41 5 0
kademlia/internal/command/commands/put/put.go:31.2,31.26 1 0
kademlia/internal/command/commands/put/put.go:27.41,29.3 1 0
kademlia/internal/command/commands/put/put.go:34.54,35.22 1 1
kademlia/internal/command/commands/put/put.go:38.2,39.12 2 1
kademlia/internal/command/commands/put/put.go:35.22,37.3 1 1
kademlia/internal/command/commands/put/put.go:42.37,44.2 1 1
kademlia/internal/node/node.go:33.50,38.16 4 1
kademlia/internal/node/node.go:42.2,49.3 1 1
kademlia/internal/node/node.go:38.16,40.3 1 0
kademlia/internal/node/node.go:53.54,59.16 5 1
kademlia/internal/node/node.go:63.2,69.3 1 1
kademlia/internal/node/node.go:59.16,61.3 1 0
kademlia/internal/node/node.go:73.69,77.21 3 1
kademlia/internal/node/node.go:77.21,80.13 3 1
kademlia/internal/node/node.go:80.13,81.8 1 1
kademlia/internal/node/node.go:81.8,84.38 2 1
kademlia/internal/node/node.go:89.5,91.41 2 0
kademlia/internal/node/node.go:84.38,86.11 2 0
kademlia/internal/node/node.go:91.41,94.6 2 0
kademlia/internal/node/node.go:104.121,107.2 2 1
kademlia/internal/node/node.go:109.75,111.2 1 1
kademlia/internal/node/node.go:114.81,117.16 2 1
kademlia/internal/node/node.go:122.2,124.6 2 1
kademlia/internal/node/node.go:140.2,144.37 4 1
kademlia/internal/node/node.go:117.16,120.3 2 1
kademlia/internal/node/node.go:124.6,128.18 3 1
kademlia/internal/node/node.go:133.3,133.45 1 1
kademlia/internal/node/node.go:128.18,130.9 2 0
kademlia/internal/node/node.go:133.45,136.9 3 1
kademlia/internal/node/node.go:148.58,151.16 2 1
kademlia/internal/node/node.go:156.2,157.16 2 1
kademlia/internal/node/node.go:162.2,164.6 2 1
kademlia/internal/node/node.go:151.16,154.3 2 1
kademlia/internal/node/node.go:157.16,160.3 2 1
kademlia/internal/node/node.go:164.6,168.18 3 1
kademlia/internal/node/node.go:173.3,173.45 1 1
kademlia/internal/node/node.go:168.18,170.9 2 0
kademlia/internal/node/node.go:173.45,176.9 3 1
kademlia/internal/node/node.go:184.92,187.60 2 1
kademlia/internal/node/node.go:198.2,198.18 1 1
kademlia/internal/node/node.go:187.60,189.35 1 1
kademlia/internal/node/node.go:189.35,195.4 5 1
kademlia/internal/network/restAPI/restAPI.go:20.72,25.23 3 1
kademlia/internal/network/restAPI/restAPI.go:31.2,33.16 3 1
kademlia/internal/network/restAPI/restAPI.go:36.2,36.24 1 1
kademlia/internal/network/restAPI/restAPI.go:25.23,29.3 3 1
kademlia/internal/network/restAPI/restAPI.go:33.16,35.3 1 0
kademlia/internal/network/restAPI/restAPI.go:40.73,43.16 3 0
kademlia/internal/network/restAPI/restAPI.go:48.2,50.16 3 0
kademlia/internal/network/restAPI/restAPI.go:56.2,61.24 5 0
kademlia/internal/network/restAPI/restAPI.go:43.16,46.3 2 0
kademlia/internal/network/restAPI/restAPI.go:50.16,54.3 3 0
kademlia/internal/network/restAPI/restAPI.go:64.36,72.2 5 0
kademlia/internal/routingtable/routingtable.go:20.56,22.45 2 1
kademlia/internal/routingtable/routingtable.go:25.2,26.21 2 1
kademlia/internal/routingtable/routingtable.go:22.45,24.3 1 1
kademlia/internal/routingtable/routingtable.go:30.60,32.2 1 1
kademlia/internal/routingtable/routingtable.go:35.71,36.51 1 1
kademlia/internal/routingtable/routingtable.go:36.51,40.3 3 1
kademlia/internal/routingtable/routingtable.go:40.8,42.3 1 1
kademlia/internal/routingtable/routingtable.go:46.151,51.24 4 1
kademlia/internal/routingtable/routingtable.go:59.2,59.109 1 1
kademlia/internal/routingtable/routingtable.go:82.2,84.30 2 1
kademlia/internal/routingtable/routingtable.go:88.2,88.38 1 1
kademlia/internal/routingtable/routingtable.go:51.24,55.3 1 1
kademlia/internal/routingtable/routingtable.go:55.8,57.3 1 1
kademlia/internal/routingtable/routingtable.go:59.109,60.25 1 1
kademlia/internal/routingtable/routingtable.go:70.3,70.44 1 1
kademlia/internal/routingtable/routingtable.go:60.25,62.26 2 1
kademlia/internal/routingtable/routingtable.go:62.26,66.5 1 1
kademlia/internal/routingtable/routingtable.go:66.10,68.5 1 1
kademlia/internal/routingtable/routingtable.go:70.44,72.26 2 1
kademlia/internal/routingtable/routingtable.go:72.26,76.5 1 1
kademlia/internal/routingtable/routingtable.go:76.10,78.5 1 1
kademlia/internal/routingtable/routingtable.go:84.30,86.3 1 1
kademlia/internal/routingtable/routingtable.go:91.56,92.25 1 1
kademlia/internal/routingtable/routingtable.go:95.2,97.46 3 1
kademlia/internal/routingtable/routingtable.go:112.2,113.10 2 1
kademlia/internal/routingtable/routingtable.go:92.25,94.3 1 1
kademlia/internal/routingtable/routingtable.go:97.46,98.40 1 1
kademlia/internal/routingtable/routingtable.go:98.40,106.31 5 0
kademlia/internal/routingtable/routingtable.go:106.31,108.5 1 0
kademlia/internal/routingtable/routingtable.go:117.81,119.43 2 1
kademlia/internal/routingtable/routingtable.go:127.2,127.34 1 1
kademlia/internal/routingtable/routingtable.go:119.43,120.26 1 1
kademlia/internal/routingtable/routingtable.go:120.26,121.42 1 1
kademlia/internal/routingtable/routingtable.go:121.42,123.5 1 1
kademlia/internal/routingtable/routingtable.go:130.71,132.2 1 1
kademlia/internal/rpc/commands/findnodeRPC/findnodeRPC.go:21.81,23.2 1 1
kademlia/internal/rpc/commands/findnodeRPC/findnodeRPC.go:26.55,30.16 3 1
kademlia/internal/rpc/commands/findnodeRPC/findnodeRPC.go:36.2,38.104 3 1
kademlia/internal/rpc/commands/findnodeRPC/findnodeRPC.go:30.16,33.3 2 1
kademlia/internal/rpc/commands/findnodeRPC/findnodeRPC.go:42.62,43.24 1 1
kademlia/internal/rpc/commands/findnodeRPC/findnodeRPC.go:46.2,47.12 2 1
kademlia/internal/rpc/commands/findnodeRPC/findnodeRPC.go:43.24,45.3 1 1
kademlia/internal/rpc/commands/findnoderesponse/findnodeRPCresponse.go:21.58,23.2 1 1
kademlia/internal/rpc/commands/findnoderesponse/findnodeRPCresponse.go:26.56,30.16 3 0
kademlia/internal/rpc/commands/findnoderesponse/findnodeRPCresponse.go:36.2,44.38 6 0
kademlia/internal/rpc/commands/findnoderesponse/findnodeRPCresponse.go:48.2,48.99 1 0
kademlia/internal/rpc/commands/findnoderesponse/findnodeRPCresponse.go:30.16,33.3 2 0
kademlia/internal/rpc/commands/findnoderesponse/findnodeRPCresponse.go:44.38,46.3 1 0
kademlia/internal/rpc/commands/findnoderesponse/findnodeRPCresponse.go:52.69,53.24 1 1
kademlia/internal/rpc/commands/findnoderesponse/findnodeRPCresponse.go:56.2,58.12 3 1
kademlia/internal/rpc/commands/findnoderesponse/findnodeRPCresponse.go:53.24,55.3 1 1
kademlia/internal/rpc/commands/findnoderesponse/findnodeRPCresponse.go:61.91,63.52 2 1
kademlia/internal/rpc/commands/findnoderesponse/findnodeRPCresponse.go:72.2,72.17 1 1
kademlia/internal/rpc/commands/findnoderesponse/findnodeRPCresponse.go:63.52,64.21 1 1
kademlia/internal/rpc/commands/findnoderesponse/findnodeRPCresponse.go:64.21,66.18 2 1
kademlia/internal/rpc/commands/findnoderesponse/findnodeRPCresponse.go:66.18,69.5 2 0
kademlia/internal/rpc/commands/findvalueRPC/findvalueRPC.go:21.79,23.2 1 1
kademlia/internal/rpc/commands/findvalueRPC/findvalueRPC.go:25.52,30.57 3 0
kademlia/internal/rpc/commands/findvalueRPC/findvalueRPC.go:30.57,40.3 7 0
kademlia/internal/rpc/commands/findvalueRPC/findvalueRPC.go:40.8,42.17 2 0
kademlia/internal/rpc/commands/findvalueRPC/findvalueRPC.go:45.3,48.95 4 0
kademlia/internal/rpc/commands/findvalueRPC/findvalueRPC.go:42.17,44.4 1 0
kademlia/internal/rpc/commands/findvalueRPC/findvalueRPC.go:52.65,53.26 1 1
kademlia/internal/rpc/commands/findvalueRPC/findvalueRPC.go:57.2,58.12 2 1
kademlia/internal/rpc/commands/findvalueRPC/findvalueRPC.go:53.26,55.3 1 1
kademlia/internal/rpc/commands/ping/ping.go:18.110,20.2 1 1
kademlia/internal/rpc/commands/ping/ping.go:22.43,27.2 2 1
kademlia/internal/rpc/commands/ping/ping.go:29.56,32.2 1 1
kademlia/internal/rpc/commands/findvalueresponse/findvalueRPCresponse.go:23.88,25.2 1 1
kademlia/internal/rpc/commands/findvalueresponse/findvalueRPCresponse.go:27.53,33.16 4 0
kademlia/internal/rpc/commands/findvalueresponse/findvalueRPCresponse.go:37.2,37.26 1 0
kademlia/internal/rpc/commands/findvalueresponse/findvalueRPCresponse.go:33.16,35.3 1 0
kademlia/internal/rpc/commands/findvalueresponse/findvalueRPCresponse.go:37.26,41.3 2 0
kademlia/internal/rpc/commands/findvalueresponse/findvalueRPCresponse.go:41.8,43.39 2 0
kademlia/internal/rpc/commands/findvalueresponse/findvalueRPCresponse.go:47.3,51.21 4 0
kademlia/internal/rpc/commands/findvalueresponse/findvalueRPCresponse.go:43.39,45.4 1 0
kademlia/internal/rpc/commands/findvalueresponse/findvalueRPCresponse.go:55.70,56.24 1 1
kademlia/internal/rpc/commands/findvalueresponse/findvalueRPCresponse.go:59.2,60.12 2 1
kademlia/internal/rpc/commands/findvalueresponse/findvalueRPCresponse.go:56.24,58.3 1 1
kademlia/internal/rpc/commands/findvalueresponse/findvalueRPCresponse.go:63.91,65.52 2 1
kademlia/internal/rpc/commands/findvalueresponse/findvalueRPCresponse.go:74.2,74.17 1 1
kademlia/internal/rpc/commands/findvalueresponse/findvalueRPCresponse.go:65.52,66.21 1 1
kademlia/internal/rpc/commands/findvalueresponse/findvalueRPCresponse.go:66.21,68.18 2 1
kademlia/internal/rpc/commands/findvalueresponse/findvalueRPCresponse.go:68.18,71.5 2 0
kademlia/internal/rpc/commands/pong/pong.go:17.110,19.2 1 1
kademlia/internal/rpc/commands/pong/pong.go:21.43,24.2 1 1
kademlia/internal/rpc/commands/pong/pong.go:26.56,29.2 1 1
kademlia/internal/rpc/commands/store/store.go:16.46,19.2 2 1
kademlia/internal/rpc/commands/store/store.go:21.59,22.24 1 1
kademlia/internal/rpc/commands/store/store.go:25.2,26.12 2 1
kademlia/internal/rpc/commands/store/store.go:22.24,24.3 1 0
kademlia/internal/rpc/commands/refresh/refresh.go:16.24,18.2 1 1
kademlia/internal/rpc/commands/refresh/refresh.go:20.50,25.56 3 1
kademlia/internal/rpc/commands/refresh/refresh.go:25.56,27.3 1 0
kademlia/internal/rpc/commands/refresh/refresh.go:27.8,29.3 1 1
kademlia/internal/rpc/commands/refresh/refresh.go:32.63,33.26 1 1
kademlia/internal/rpc/commands/refresh/refresh.go:37.2,38.12 2 1
kademlia/internal/rpc/commands/refresh/refresh.go:33.26,35.3 1 1
